build/outputs/logs/manifest-merger-debug-report.txt
-- Merging decision tree log ---
manifest
ADDED from AndroidManifest.xml:20:1
	xmlns:android
		ADDED from AndroidManifest.xml:21:5
	package
		ADDED from AndroidManifest.xml:22:5
uses-sdk
ADDED from AndroidManifest.xml:23:5
MERGED from com.android.support:appcompat-v7:22.2.0:20:5
MERGED from com.android.support:support-v4:22.2.0:20:5
	android:targetSdkVersion
		ADDED from AndroidManifest.xml:23:15
	android:minSdkVersion
		ADDED from AndroidManifest.xml:23:45
permission#com.android.launcher.permission.INSTALL_SHORTCUT
ADDED from AndroidManifest.xml:25:5
	android:label
		ADDED from AndroidManifest.xml:29:9
	android:protectionLevel
		ADDED from AndroidManifest.xml:28:9
	android:description
		ADDED from AndroidManifest.xml:30:9
	android:permissionGroup
		ADDED from AndroidManifest.xml:27:9
	android:name
		ADDED from AndroidManifest.xml:26:9
permission#com.android.launcher.permission.UNINSTALL_SHORTCUT
ADDED from AndroidManifest.xml:31:5
	android:label
		ADDED from AndroidManifest.xml:35:9
	android:protectionLevel
		ADDED from AndroidManifest.xml:34:9
	android:description
		ADDED from AndroidManifest.xml:36:9
	android:permissionGroup
		ADDED from AndroidManifest.xml:33:9
	android:name
		ADDED from AndroidManifest.xml:32:9
permission#com.android.launcher3.permission.READ_SETTINGS
ADDED from AndroidManifest.xml:37:5
	android:label
		ADDED from AndroidManifest.xml:41:9
	android:protectionLevel
		ADDED from AndroidManifest.xml:40:9
	android:description
		ADDED from AndroidManifest.xml:42:9
	android:permissionGroup
		ADDED from AndroidManifest.xml:39:9
	android:name
		ADDED from AndroidManifest.xml:38:9
permission#com.android.launcher3.permission.WRITE_SETTINGS
ADDED from AndroidManifest.xml:43:5
	android:label
		ADDED from AndroidManifest.xml:47:9
	android:protectionLevel
		ADDED from AndroidManifest.xml:46:9
	android:description
		ADDED from AndroidManifest.xml:48:9
	android:permissionGroup
		ADDED from AndroidManifest.xml:45:9
	android:name
		ADDED from AndroidManifest.xml:44:9
permission#com.android.launcher3.permission.RECEIVE_LAUNCH_BROADCASTS
ADDED from AndroidManifest.xml:49:5
	android:protectionLevel
		ADDED from AndroidManifest.xml:51:9
	android:name
		ADDED from AndroidManifest.xml:50:9
permission#com.android.launcher3.permission.RECEIVE_FIRST_LOAD_BROADCAST
ADDED from AndroidManifest.xml:53:5
	android:protectionLevel
		ADDED from AndroidManifest.xml:55:9
	android:name
		ADDED from AndroidManifest.xml:54:9
uses-permission#android.permission.CALL_PHONE
ADDED from AndroidManifest.xml:57:5
	android:name
		ADDED from AndroidManifest.xml:57:22
uses-permission#android.permission.SET_WALLPAPER
ADDED from AndroidManifest.xml:58:5
	android:name
		ADDED from AndroidManifest.xml:58:22
uses-permission#android.permission.SET_WALLPAPER_HINTS
ADDED from AndroidManifest.xml:59:5
	android:name
		ADDED from AndroidManifest.xml:59:22
uses-permission#android.permission.VIBRATE
ADDED from AndroidManifest.xml:60:5
	android:name
		ADDED from AndroidManifest.xml:60:22
uses-permission#android.permission.BIND_APPWIDGET
ADDED from AndroidManifest.xml:61:5
	android:name
		ADDED from AndroidManifest.xml:61:22
uses-permission#android.permission.GET_ACCOUNTS
ADDED from AndroidManifest.xml:62:5
	android:name
		ADDED from AndroidManifest.xml:62:22
uses-permission#android.permission.READ_EXTERNAL_STORAGE
ADDED from AndroidManifest.xml:63:5
	android:name
		ADDED from AndroidManifest.xml:63:22
uses-permission#android.permission.BROADCAST_STICKY
ADDED from AndroidManifest.xml:64:5
	android:name
		ADDED from AndroidManifest.xml:64:22
uses-permission#android.permission.RECEIVE_BOOT_COMPLETED
ADDED from AndroidManifest.xml:65:5
	android:name
		ADDED from AndroidManifest.xml:65:22
uses-permission#com.android.launcher.permission.READ_SETTINGS
ADDED from AndroidManifest.xml:66:5
	android:name
		ADDED from AndroidManifest.xml:66:22
uses-permission#com.android.launcher.permission.WRITE_SETTINGS
ADDED from AndroidManifest.xml:67:5
	android:name
		ADDED from AndroidManifest.xml:67:22
uses-permission#com.android.launcher3.permission.READ_SETTINGS
ADDED from AndroidManifest.xml:68:5
	android:name
		ADDED from AndroidManifest.xml:68:22
uses-permission#com.android.launcher3.permission.WRITE_SETTINGS
ADDED from AndroidManifest.xml:69:5
	android:name
		ADDED from AndroidManifest.xml:69:22
uses-permission#com.android.launcher3.permission.RECEIVE_LAUNCH_BROADCASTS
ADDED from AndroidManifest.xml:70:5
	android:name
		ADDED from AndroidManifest.xml:70:22
uses-permission#com.android.launcher3.permission.RECEIVE_FIRST_LOAD_BROADCAST
ADDED from AndroidManifest.xml:71:5
	android:name
		ADDED from AndroidManifest.xml:71:22
application
ADDED from AndroidManifest.xml:73:5
MERGED from com.android.support:appcompat-v7:22.2.0:22:5
MERGED from com.android.support:support-v4:22.2.0:22:5
	android:supportsRtl
		ADDED from AndroidManifest.xml:82:9
	android:label
		ADDED from AndroidManifest.xml:79:9
	android:allowBackup
		ADDED from AndroidManifest.xml:75:9
	android:icon
		ADDED from AndroidManifest.xml:78:9
	android:hardwareAccelerated
		ADDED from AndroidManifest.xml:77:9
	android:largeHeap
		ADDED from AndroidManifest.xml:80:9
	android:backupAgent
		ADDED from AndroidManifest.xml:76:9
	android:restoreAnyVersion
		ADDED from AndroidManifest.xml:81:9
	android:name
		ADDED from AndroidManifest.xml:74:9
activity#com.android.launcher3.Launcher
ADDED from AndroidManifest.xml:84:9
	android:windowSoftInputMode
		ADDED from AndroidManifest.xml:90:13
	android:screenOrientation
		ADDED from AndroidManifest.xml:91:13
	android:theme
		ADDED from AndroidManifest.xml:89:13
	android:stateNotNeeded
		ADDED from AndroidManifest.xml:88:13
	android:enabled
		ADDED from AndroidManifest.xml:92:13
	android:clearTaskOnLaunch
		ADDED from AndroidManifest.xml:87:13
	android:name
		ADDED from AndroidManifest.xml:85:13
	android:launchMode
		ADDED from AndroidManifest.xml:86:13
intent-filter#android.intent.action.MAIN+android.intent.category.DEFAULT+android.intent.category.HOME+android.intent.category.MONKEY
ADDED from AndroidManifest.xml:93:13
action#android.intent.action.MAIN
ADDED from AndroidManifest.xml:94:17
	android:name
		ADDED from AndroidManifest.xml:94:25
category#android.intent.category.HOME
ADDED from AndroidManifest.xml:95:17
	android:name
		ADDED from AndroidManifest.xml:95:27
category#android.intent.category.DEFAULT
ADDED from AndroidManifest.xml:96:17
	android:name
		ADDED from AndroidManifest.xml:96:27
category#android.intent.category.MONKEY
ADDED from AndroidManifest.xml:97:17
	android:name
		ADDED from AndroidManifest.xml:97:27
activity#com.android.launcher3.LauncherExtension
ADDED from AndroidManifest.xml:101:9
	android:windowSoftInputMode
		ADDED from AndroidManifest.xml:107:13
	android:screenOrientation
		ADDED from AndroidManifest.xml:108:13
	android:theme
		ADDED from AndroidManifest.xml:106:13
	android:stateNotNeeded
		ADDED from AndroidManifest.xml:105:13
	android:enabled
		ADDED from AndroidManifest.xml:109:13
	android:clearTaskOnLaunch
		ADDED from AndroidManifest.xml:104:13
	android:name
		ADDED from AndroidManifest.xml:102:13
	android:launchMode
		ADDED from AndroidManifest.xml:103:13
activity#com.android.launcher3.ToggleWeightWatcher
ADDED from AndroidManifest.xml:118:9
	android:label
		ADDED from AndroidManifest.xml:120:13
	android:icon
		ADDED from AndroidManifest.xml:122:13
	android:enabled
		ADDED from AndroidManifest.xml:121:13
	android:name
		ADDED from AndroidManifest.xml:119:13
intent-filter#android.intent.action.MAIN+android.intent.category.DEFAULT+android.intent.category.LAUNCHER
ADDED from AndroidManifest.xml:123:13
category#android.intent.category.LAUNCHER
ADDED from AndroidManifest.xml:126:17
	android:name
		ADDED from AndroidManifest.xml:126:27
activity#com.android.launcher3.LauncherWallpaperPickerActivity
ADDED from AndroidManifest.xml:130:9
	android:label
		ADDED from AndroidManifest.xml:133:13
	android:icon
		ADDED from AndroidManifest.xml:134:13
	android:theme
		ADDED from AndroidManifest.xml:132:13
	android:process
		ADDED from AndroidManifest.xml:136:13
	android:finishOnCloseSystemDialogs
		ADDED from AndroidManifest.xml:135:13
	android:name
		ADDED from AndroidManifest.xml:131:13
intent-filter#android.intent.action.SET_WALLPAPER+android.intent.category.DEFAULT
ADDED from AndroidManifest.xml:137:13
action#android.intent.action.SET_WALLPAPER
ADDED from AndroidManifest.xml:138:17
	android:name
		ADDED from AndroidManifest.xml:138:25
activity#com.android.launcher3.WallpaperCropActivity
ADDED from AndroidManifest.xml:143:9
	android:label
		ADDED from AndroidManifest.xml:146:13
	android:icon
		ADDED from AndroidManifest.xml:147:13
	android:theme
		ADDED from AndroidManifest.xml:145:13
	android:process
		ADDED from AndroidManifest.xml:149:13
	android:finishOnCloseSystemDialogs
		ADDED from AndroidManifest.xml:148:13
	android:name
		ADDED from AndroidManifest.xml:144:13
intent-filter#android.intent.category.DEFAULT+android.service.wallpaper.CROP_AND_SET_WALLPAPER
ADDED from AndroidManifest.xml:150:13
action#android.service.wallpaper.CROP_AND_SET_WALLPAPER
ADDED from AndroidManifest.xml:151:17
	android:name
		ADDED from AndroidManifest.xml:151:25
data
ADDED from AndroidManifest.xml:153:17
	android:mimeType
		ADDED from AndroidManifest.xml:153:23
activity#com.android.launcher3.MemoryDumpActivity
ADDED from AndroidManifest.xml:158:9
	android:label
		ADDED from AndroidManifest.xml:161:13
	android:icon
		ADDED from AndroidManifest.xml:164:13
	android:theme
		ADDED from AndroidManifest.xml:160:13
	android:enabled
		ADDED from AndroidManifest.xml:162:13
	android:excludeFromRecents
		ADDED from AndroidManifest.xml:163:13
	android:name
		ADDED from AndroidManifest.xml:159:13
service#com.android.launcher3.MemoryTracker
ADDED from AndroidManifest.xml:173:9
	android:enabled
		ADDED from AndroidManifest.xml:174:13
	android:name
		ADDED from AndroidManifest.xml:173:18
receiver#com.android.launcher3.WallpaperChangedReceiver
ADDED from AndroidManifest.xml:178:9
	android:name
		ADDED from AndroidManifest.xml:179:13
intent-filter#android.intent.action.WALLPAPER_CHANGED
ADDED from AndroidManifest.xml:180:13
action#android.intent.action.WALLPAPER_CHANGED
ADDED from AndroidManifest.xml:181:17
	android:name
		ADDED from AndroidManifest.xml:181:25
receiver#com.android.launcher3.InstallShortcutReceiver
ADDED from AndroidManifest.xml:186:9
	android:permission
		ADDED from AndroidManifest.xml:188:13
	android:name
		ADDED from AndroidManifest.xml:187:13
intent-filter#com.android.launcher.action.INSTALL_SHORTCUT
ADDED from AndroidManifest.xml:189:13
action#com.android.launcher.action.INSTALL_SHORTCUT
ADDED from AndroidManifest.xml:190:17
	android:name
		ADDED from AndroidManifest.xml:190:25
receiver#com.android.launcher3.UninstallShortcutReceiver
ADDED from AndroidManifest.xml:195:9
	android:permission
		ADDED from AndroidManifest.xml:197:13
	android:name
		ADDED from AndroidManifest.xml:196:13
intent-filter#com.android.launcher.action.UNINSTALL_SHORTCUT
ADDED from AndroidManifest.xml:198:13
action#com.android.launcher.action.UNINSTALL_SHORTCUT
ADDED from AndroidManifest.xml:199:17
	android:name
		ADDED from AndroidManifest.xml:199:25
receiver#com.android.launcher3.AppWidgetsRestoredReceiver
ADDED from AndroidManifest.xml:204:9
	android:name
		ADDED from AndroidManifest.xml:204:19
intent-filter#android.appwidget.action.APPWIDGET_HOST_RESTORED
ADDED from AndroidManifest.xml:205:13
action#android.appwidget.action.APPWIDGET_HOST_RESTORED
ADDED from AndroidManifest.xml:206:17
	android:name
		ADDED from AndroidManifest.xml:206:25
receiver#com.android.launcher3.UserInitializeReceiver
ADDED from AndroidManifest.xml:211:9
	android:exported
		ADDED from AndroidManifest.xml:213:13
	android:name
		ADDED from AndroidManifest.xml:212:13
intent-filter#android.intent.action.USER_INITIALIZE
ADDED from AndroidManifest.xml:214:13
action#android.intent.action.USER_INITIALIZE
ADDED from AndroidManifest.xml:215:17
	android:name
		ADDED from AndroidManifest.xml:215:25
receiver#com.android.launcher3.PackageChangedReceiver
ADDED from AndroidManifest.xml:219:9
	android:name
		ADDED from AndroidManifest.xml:219:19
intent-filter#android.intent.action.PACKAGE_CHANGED+android.intent.action.PACKAGE_REMOVED+android.intent.action.PACKAGE_REPLACED
ADDED from AndroidManifest.xml:220:13
action#android.intent.action.PACKAGE_CHANGED
ADDED from AndroidManifest.xml:221:17
	android:name
		ADDED from AndroidManifest.xml:221:25
action#android.intent.action.PACKAGE_REPLACED
ADDED from AndroidManifest.xml:222:17
	android:name
		ADDED from AndroidManifest.xml:222:25
action#android.intent.action.PACKAGE_REMOVED
ADDED from AndroidManifest.xml:223:17
	android:name
		ADDED from AndroidManifest.xml:223:25
receiver#com.android.launcher3.StartupReceiver
ADDED from AndroidManifest.xml:228:9
	android:name
		ADDED from AndroidManifest.xml:228:19
intent-filter#android.intent.action.BOOT_COMPLETED
ADDED from AndroidManifest.xml:229:13
action#android.intent.action.BOOT_COMPLETED
ADDED from AndroidManifest.xml:230:17
	android:name
		ADDED from AndroidManifest.xml:230:25
provider#com.android.launcher3.LauncherProvider
ADDED from AndroidManifest.xml:235:9
	android:exported
		ADDED from AndroidManifest.xml:238:13
	android:authorities
		ADDED from AndroidManifest.xml:237:13
	android:readPermission
		ADDED from AndroidManifest.xml:240:13
	android:name
		ADDED from AndroidManifest.xml:236:13
	android:writePermission
		ADDED from AndroidManifest.xml:239:13
meta-data#android.nfc.disable_beam_default
ADDED from AndroidManifest.xml:242:9
	android:name
		ADDED from AndroidManifest.xml:242:20
	android:value
		ADDED from AndroidManifest.xml:243:24